# JRE version: Java(TM) SE Runtime Environment (8.0_241-b07) (build 1.8.0_241-b07)
# Java VM: Java HotSpot(TM) 64-Bit Server VM (25.241-b07 mixed mode windows-amd64 compressed oops)
Heap:
 PSYoungGen      total 152576K, used 5308K [0x00000000f5580000, 0x00000000fff80000, 0x0000000100000000)
  eden space 133120K, 3% used [0x00000000f5580000,0x00000000f5aaf1a8,0x00000000fd780000)
  from space 19456K, 0% used [0x00000000fd780000,0x00000000fd780000,0x00000000fea80000)
  to   space 18432K, 0% used [0x00000000fed80000,0x00000000fed80000,0x00000000fff80000)
 ParOldGen       total 349696K, used 162379K [0x00000000e0000000, 0x00000000f5580000, 0x00000000f5580000)
  object space 349696K, 46% used [0x00000000e0000000,0x00000000e9e92d68,0x00000000f5580000)
 Metaspace       used 216714K, capacity 249922K, committed 260096K, reserved 1269760K
  class space    used 34822K, capacity 37151K, committed 38912K, reserved 1048576K
GC Heap History (10 events):
Event: 3585.745 GC heap before
{Heap before GC invocations=81 (full 5):
 PSYoungGen      total 146944K, used 129434K [0x00000000f5580000, 0x00000000ffe80000, 0x0000000100000000)
  eden space 122880K, 100% used [0x00000000f5580000,0x00000000fcd80000,0x00000000fcd80000)
  from space 24064K, 27% used [0x00000000fcd80000,0x00000000fd3e6908,0x00000000fe500000)
  to   space 22528K, 0% used [0x00000000fe880000,0x00000000fe880000,0x00000000ffe80000)
 ParOldGen       total 333312K, used 183691K [0x00000000e0000000, 0x00000000f4580000, 0x00000000f5580000)
  object space 333312K, 55% used [0x00000000e0000000,0x00000000eb362cf0,0x00000000f4580000)
 Metaspace       used 224030K, capacity 256044K, committed 256128K, reserved 1267712K
  class space    used 35916K, capacity 38477K, committed 38528K, reserved 1048576K
Event: 3585.756 GC heap after
Heap after GC invocations=81 (full 5):
 PSYoungGen      total 147456K, used 3686K [0x00000000f5580000, 0x00000000ffb80000, 0x0000000100000000)
  eden space 128000K, 0% used [0x00000000f5580000,0x00000000f5580000,0x00000000fd280000)
  from space 19456K, 18% used [0x00000000fe880000,0x00000000fec19b30,0x00000000ffb80000)
  to   space 20992K, 0% used [0x00000000fd280000,0x00000000fd280000,0x00000000fe700000)
 ParOldGen       total 333312K, used 185612K [0x00000000e0000000, 0x00000000f4580000, 0x00000000f5580000)
  object space 333312K, 55% used [0x00000000e0000000,0x00000000eb543088,0x00000000f4580000)
 Metaspace       used 224030K, capacity 256044K, committed 256128K, reserved 1267712K
  class space    used 35916K, capacity 38477K, committed 38528K, reserved 1048576K
}
Event: 3586.196 GC heap before
{Heap before GC invocations=82 (full 5):
 PSYoungGen      total 147456K, used 131686K [0x00000000f5580000, 0x00000000ffb80000, 0x0000000100000000)
  eden space 128000K, 100% used [0x00000000f5580000,0x00000000fd280000,0x00000000fd280000)
  from space 19456K, 18% used [0x00000000fe880000,0x00000000fec19b30,0x00000000ffb80000)
  to   space 20992K, 0% used [0x00000000fd280000,0x00000000fd280000,0x00000000fe700000)
 ParOldGen       total 333312K, used 185612K [0x00000000e0000000, 0x00000000f4580000, 0x00000000f5580000)
  object space 333312K, 55% used [0x00000000e0000000,0x00000000eb543088,0x00000000f4580000)
 Metaspace       used 224469K, capacity 256932K, committed 257152K, reserved 1267712K
  class space    used 35928K, capacity 38509K, committed 38528K, reserved 1048576K
Event: 3586.205 GC heap after
Heap after GC invocations=82 (full 5):
 PSYoungGen      total 148992K, used 2897K [0x00000000f5580000, 0x0000000100000000, 0x0000000100000000)
  eden space 128000K, 0% used [0x00000000f5580000,0x00000000f5580000,0x00000000fd280000)
  from space 20992K, 13% used [0x00000000fd280000,0x00000000fd5547e8,0x00000000fe700000)
  to   space 20480K, 0% used [0x00000000fec00000,0x00000000fec00000,0x0000000100000000)
 ParOldGen       total 333312K, used 186806K [0x00000000e0000000, 0x00000000f4580000, 0x00000000f5580000)
  object space 333312K, 56% used [0x00000000e0000000,0x00000000eb66da20,0x00000000f4580000)
 Metaspace       used 224469K, capacity 256932K, committed 257152K, reserved 1267712K
  class space    used 35928K, capacity 38509K, committed 38528K, reserved 1048576K
}
Event: 3587.252 GC heap before
{Heap before GC invocations=83 (full 5):
 PSYoungGen      total 148992K, used 130897K [0x00000000f5580000, 0x0000000100000000, 0x0000000100000000)
  eden space 128000K, 100% used [0x00000000f5580000,0x00000000fd280000,0x00000000fd280000)
  from space 20992K, 13% used [0x00000000fd280000,0x00000000fd5547e8,0x00000000fe700000)
  to   space 20480K, 0% used [0x00000000fec00000,0x00000000fec00000,0x0000000100000000)
 ParOldGen       total 333312K, used 186806K [0x00000000e0000000, 0x00000000f4580000, 0x00000000f5580000)
  object space 333312K, 56% used [0x00000000e0000000,0x00000000eb66da20,0x00000000f4580000)
 Metaspace       used 226629K, capacity 261028K, committed 261376K, reserved 1271808K
  class space    used 36092K, capacity 38795K, committed 38912K, reserved 1048576K
Event: 3587.262 GC heap after
Heap after GC invocations=83 (full 5):
 PSYoungGen      total 151040K, used 3581K [0x00000000f5580000, 0x00000000ffd80000, 0x0000000100000000)
  eden space 133120K, 0% used [0x00000000f5580000,0x00000000f5580000,0x00000000fd780000)
  from space 17920K, 19% used [0x00000000fec00000,0x00000000fef7f548,0x00000000ffd80000)
  to   space 19456K, 0% used [0x00000000fd780000,0x00000000fd780000,0x00000000fea80000)
 ParOldGen       total 333312K, used 187136K [0x00000000e0000000, 0x00000000f4580000, 0x00000000f5580000)
  object space 333312K, 56% used [0x00000000e0000000,0x00000000eb6c0358,0x00000000f4580000)
 Metaspace       used 226629K, capacity 261028K, committed 261376K, reserved 1271808K
  class space    used 36092K, capacity 38795K, committed 38912K, reserved 1048576K
}
Event: 3587.597 GC heap before
{Heap before GC invocations=84 (full 5):
 PSYoungGen      total 151040K, used 20279K [0x00000000f5580000, 0x00000000ffd80000, 0x0000000100000000)
  eden space 133120K, 12% used [0x00000000f5580000,0x00000000f65ce9a0,0x00000000fd780000)
  from space 17920K, 19% used [0x00000000fec00000,0x00000000fef7f548,0x00000000ffd80000)
  to   space 19456K, 0% used [0x00000000fd780000,0x00000000fd780000,0x00000000fea80000)
 ParOldGen       total 333312K, used 187136K [0x00000000e0000000, 0x00000000f4580000, 0x00000000f5580000)
  object space 333312K, 56% used [0x00000000e0000000,0x00000000eb6c0358,0x00000000f4580000)
 Metaspace       used 227396K, capacity 261998K, committed 262144K, reserved 1271808K
  class space    used 36112K, capacity 38810K, committed 38912K, reserved 1048576K
Event: 3587.608 GC heap after
Heap after GC invocations=84 (full 5):
 PSYoungGen      total 152576K, used 1636K [0x00000000f5580000, 0x00000000fff80000, 0x0000000100000000)
  eden space 133120K, 0% used [0x00000000f5580000,0x00000000f5580000,0x00000000fd780000)
  from space 19456K, 8% used [0x00000000fd780000,0x00000000fd919180,0x00000000fea80000)
  to   space 18432K, 0% used [0x00000000fed80000,0x00000000fed80000,0x00000000fff80000)
 ParOldGen       total 333312K, used 188500K [0x00000000e0000000, 0x00000000f4580000, 0x00000000f5580000)
  object space 333312K, 56% used [0x00000000e0000000,0x00000000eb815308,0x00000000f4580000)
 Metaspace       used 227396K, capacity 261998K, committed 262144K, reserved 1271808K
  class space    used 36112K, capacity 38810K, committed 38912K, reserved 1048576K
}
Event: 3587.608 GC heap before
{Heap before GC invocations=85 (full 6):
 PSYoungGen      total 152576K, used 1636K [0x00000000f5580000, 0x00000000fff80000, 0x0000000100000000)
  eden space 133120K, 0% used [0x00000000f5580000,0x00000000f5580000,0x00000000fd780000)
  from space 19456K, 8% used [0x00000000fd780000,0x00000000fd919180,0x00000000fea80000)
  to   space 18432K, 0% used [0x00000000fed80000,0x00000000fed80000,0x00000000fff80000)
 ParOldGen       total 333312K, used 188500K [0x00000000e0000000, 0x00000000f4580000, 0x00000000f5580000)
  object space 333312K, 56% used [0x00000000e0000000,0x00000000eb815308,0x00000000f4580000)
 Metaspace       used 227396K, capacity 261998K, committed 262144K, reserved 1271808K
  class space    used 36112K, capacity 38810K, committed 38912K, reserved 1048576K
Event: 3588.385 GC heap after
Heap after GC invocations=85 (full 6):
 PSYoungGen      total 152576K, used 0K [0x00000000f5580000, 0x00000000fff80000, 0x0000000100000000)
  eden space 133120K, 0% used [0x00000000f5580000,0x00000000f5580000,0x00000000fd780000)
  from space 19456K, 0% used [0x00000000fd780000,0x00000000fd780000,0x00000000fea80000)
  to   space 18432K, 0% used [0x00000000fed80000,0x00000000fed80000,0x00000000fff80000)
 ParOldGen       total 349696K, used 162379K [0x00000000e0000000, 0x00000000f5580000, 0x00000000f5580000)
  object space 349696K, 46% used [0x00000000e0000000,0x00000000e9e92d68,0x00000000f5580000)
 Metaspace       used 216580K, capacity 249788K, committed 260096K, reserved 1269760K
  class space    used 34819K, capacity 37149K, committed 38912K, reserved 1048576K
}

